
*** Running vivado
    with args -log ifetch.vdi -applog -m64 -product Vivado -messageDb vivado.pb -mode batch -source ifetch.tcl -notrace


****** Vivado v2018.3 (64-bit)
  **** SW Build 2405991 on Thu Dec  6 23:38:27 MST 2018
  **** IP Build 2404404 on Fri Dec  7 01:43:56 MST 2018
    ** Copyright 1986-2018 Xilinx, Inc. All Rights Reserved.

source ifetch.tcl -notrace
Command: link_design -top ifetch -part xczu3eg-sbva484-1-e
Design is defaulting to srcset: sources_1
Design is defaulting to constrset: constrs_1
INFO: [Netlist 29-17] Analyzing 37 Unisim elements for replacement
INFO: [Netlist 29-28] Unisim Transformation completed in 0 CPU seconds
INFO: [Project 1-479] Netlist was created with Vivado 2018.3
INFO: [Device 21-403] Loading part xczu3eg-sbva484-1-e
INFO: [Project 1-570] Preparing netlist for logic optimization
Netlist sorting complete. Time (s): cpu = 00:00:00 ; elapsed = 00:00:00 . Memory (MB): peak = 1260.352 ; gain = 0.000
INFO: [Project 1-111] Unisim Transformation Summary:
  A total of 33 instances were transformed.
  IBUF => IBUF (IBUFCTRL, INBUF): 33 instances

6 Infos, 0 Warnings, 0 Critical Warnings and 0 Errors encountered.
link_design completed successfully
link_design: Time (s): cpu = 00:00:08 ; elapsed = 00:00:10 . Memory (MB): peak = 1260.352 ; gain = 1006.488
Command: opt_design
Attempting to get a license for feature 'Implementation' and/or device 'xczu3eg'
INFO: [Common 17-349] Got license for feature 'Implementation' and/or device 'xczu3eg'
Running DRC as a precondition to command opt_design

Starting DRC Task
INFO: [DRC 23-27] Running DRC with 2 threads
INFO: [Project 1-461] DRC finished with 0 Errors
INFO: [Project 1-462] Please refer to the DRC report (report_drc) for more information.

Time (s): cpu = 00:00:02 ; elapsed = 00:00:01 . Memory (MB): peak = 1260.352 ; gain = 0.000

Starting Cache Timing Information Task
INFO: [Timing 38-35] Done setting XDC timing constraints.
Ending Cache Timing Information Task | Checksum: a724fe21

Time (s): cpu = 00:00:03 ; elapsed = 00:00:03 . Memory (MB): peak = 1326.035 ; gain = 65.684

Starting Logic Optimization Task

Phase 1 Retarget
INFO: [Opt 31-138] Pushed 0 inverter(s) to 0 load pin(s).
INFO: [Opt 31-49] Retargeted 0 cell(s).
Phase 1 Retarget | Checksum: 843dd3c3

Time (s): cpu = 00:00:00 ; elapsed = 00:00:00.028 . Memory (MB): peak = 1423.336 ; gain = 0.000
INFO: [Opt 31-389] Phase Retarget created 0 cells and removed 0 cells

Phase 2 Constant propagation
INFO: [Opt 31-138] Pushed 0 inverter(s) to 0 load pin(s).
Phase 2 Constant propagation | Checksum: 843dd3c3

Time (s): cpu = 00:00:00 ; elapsed = 00:00:00.030 . Memory (MB): peak = 1423.336 ; gain = 0.000
INFO: [Opt 31-389] Phase Constant propagation created 0 cells and removed 0 cells

Phase 3 Sweep
Phase 3 Sweep | Checksum: 123480187

Time (s): cpu = 00:00:00 ; elapsed = 00:00:00.035 . Memory (MB): peak = 1423.336 ; gain = 0.000
INFO: [Opt 31-389] Phase Sweep created 0 cells and removed 0 cells

Phase 4 BUFG optimization
Phase 4 BUFG optimization | Checksum: 123480187

Time (s): cpu = 00:00:00 ; elapsed = 00:00:00.043 . Memory (MB): peak = 1423.336 ; gain = 0.000
INFO: [Opt 31-662] Phase BUFG optimization created 0 cells of which 0 are BUFGs and removed 0 cells.

Phase 5 Shift Register Optimization
Phase 5 Shift Register Optimization | Checksum: 8cfdb792

Time (s): cpu = 00:00:00 ; elapsed = 00:00:00.071 . Memory (MB): peak = 1423.336 ; gain = 0.000
INFO: [Opt 31-389] Phase Shift Register Optimization created 0 cells and removed 0 cells

Phase 6 Post Processing Netlist
Phase 6 Post Processing Netlist | Checksum: 8cfdb792

Time (s): cpu = 00:00:00 ; elapsed = 00:00:00.072 . Memory (MB): peak = 1423.336 ; gain = 0.000
INFO: [Opt 31-389] Phase Post Processing Netlist created 0 cells and removed 0 cells
Opt_design Change Summary
=========================


-------------------------------------------------------------------------------------------------------------------------
|  Phase                        |  #Cells created  |  #Cells Removed  |  #Constrained objects preventing optimizations  |
-------------------------------------------------------------------------------------------------------------------------
|  Retarget                     |               0  |               0  |                                              0  |
|  Constant propagation         |               0  |               0  |                                              0  |
|  Sweep                        |               0  |               0  |                                              0  |
|  BUFG optimization            |               0  |               0  |                                              0  |
|  Shift Register Optimization  |               0  |               0  |                                              0  |
|  Post Processing Netlist      |               0  |               0  |                                              0  |
-------------------------------------------------------------------------------------------------------------------------



Starting Connectivity Check Task

Time (s): cpu = 00:00:00 ; elapsed = 00:00:00.001 . Memory (MB): peak = 1423.336 ; gain = 0.000
Ending Logic Optimization Task | Checksum: 8cfdb792

Time (s): cpu = 00:00:00 ; elapsed = 00:00:00.075 . Memory (MB): peak = 1423.336 ; gain = 0.000

Starting Power Optimization Task
INFO: [Pwropt 34-132] Skipping clock gating for clocks with a period < 2.00 ns.
Ending Power Optimization Task | Checksum: 8cfdb792

Time (s): cpu = 00:00:00 ; elapsed = 00:00:00.008 . Memory (MB): peak = 1423.336 ; gain = 0.000

Starting Final Cleanup Task
Ending Final Cleanup Task | Checksum: 8cfdb792

Time (s): cpu = 00:00:00 ; elapsed = 00:00:00 . Memory (MB): peak = 1423.336 ; gain = 0.000

Starting Netlist Obfuscation Task
Netlist sorting complete. Time (s): cpu = 00:00:00 ; elapsed = 00:00:00 . Memory (MB): peak = 1423.336 ; gain = 0.000
Ending Netlist Obfuscation Task | Checksum: 8cfdb792

Time (s): cpu = 00:00:00 ; elapsed = 00:00:00 . Memory (MB): peak = 1423.336 ; gain = 0.000
INFO: [Common 17-83] Releasing license: Implementation
22 Infos, 0 Warnings, 0 Critical Warnings and 0 Errors encountered.
opt_design completed successfully
opt_design: Time (s): cpu = 00:00:06 ; elapsed = 00:00:05 . Memory (MB): peak = 1423.336 ; gain = 162.984
Netlist sorting complete. Time (s): cpu = 00:00:00 ; elapsed = 00:00:00 . Memory (MB): peak = 1423.336 ; gain = 0.000
WARNING: [Constraints 18-5210] No constraints selected for write.
Resolution: This message can indicate that there are no constraints for the design, or it can indicate that the used_in flags are set such that the constraints are ignored. This later case is used when running synth_design to not write synthesis constraints to the resulting checkpoint. Instead, project constraints are read when the synthesized design is opened.
INFO: [Common 17-1381] The checkpoint 'C:/Users/Yousef Jarrar/Documents/GitHub/CSE401/Labs/CSE401_Lab_Project-master/CSE401_Lab_Project.runs/impl_1/ifetch_opt.dcp' has been generated.
INFO: [runtcl-4] Executing : report_drc -file ifetch_drc_opted.rpt -pb ifetch_drc_opted.pb -rpx ifetch_drc_opted.rpx
Command: report_drc -file ifetch_drc_opted.rpt -pb ifetch_drc_opted.pb -rpx ifetch_drc_opted.rpx
INFO: [IP_Flow 19-234] Refreshing IP repositories
INFO: [IP_Flow 19-1704] No user IP repositories specified
INFO: [IP_Flow 19-2313] Loaded Vivado IP repository 'C:/Xilinx/Vivado/2018.3/data/ip'.
INFO: [DRC 23-27] Running DRC with 2 threads
INFO: [Coretcl 2-168] The results of DRC are in file C:/Users/Yousef Jarrar/Documents/GitHub/CSE401/Labs/CSE401_Lab_Project-master/CSE401_Lab_Project.runs/impl_1/ifetch_drc_opted.rpt.
report_drc completed successfully
Command: place_design
Attempting to get a license for feature 'Implementation' and/or device 'xczu3eg'
INFO: [Common 17-349] Got license for feature 'Implementation' and/or device 'xczu3eg'
INFO: [DRC 23-27] Running DRC with 2 threads
INFO: [Vivado_Tcl 4-198] DRC finished with 0 Errors
INFO: [Vivado_Tcl 4-199] Please refer to the DRC report (report_drc) for more information.
Running DRC as a precondition to command place_design
INFO: [DRC 23-27] Running DRC with 2 threads
INFO: [Vivado_Tcl 4-198] DRC finished with 0 Errors
INFO: [Vivado_Tcl 4-199] Please refer to the DRC report (report_drc) for more information.

Starting Placer Task
INFO: [Place 30-611] Multithreading enabled for place_design using a maximum of 2 CPUs

Phase 1 Placer Initialization

Phase 1.1 Placer Initialization Netlist Sorting
Netlist sorting complete. Time (s): cpu = 00:00:00 ; elapsed = 00:00:00 . Memory (MB): peak = 1423.336 ; gain = 0.000
Phase 1.1 Placer Initialization Netlist Sorting | Checksum: 1915b39b

Time (s): cpu = 00:00:00 ; elapsed = 00:00:00.004 . Memory (MB): peak = 1423.336 ; gain = 0.000
Netlist sorting complete. Time (s): cpu = 00:00:00 ; elapsed = 00:00:00 . Memory (MB): peak = 1423.336 ; gain = 0.000

Phase 1.2 IO Placement/ Clock Placement/ Build Placer Device
ERROR: [Place 30-58] IO placement is infeasible. Number of unplaced terminals (97) is greater than number of available sites (82).
The following are banks with available pins: 
ERROR: [Place 30-374] IO placer failed to find a solution
Below is the partial placement that can be analyzed to see if any constraint modifications will make the IO placement problem easier to solve.

+-------------------------------------------------------------------------------------------------------------------------------------------------------------------------+
|                                                                     IO Placement : Bank Stats                                                                           |
+----+-------+-------+------------------------------------------------------------------------+------------------------------------------+--------+--------+--------+-----+
| Id | Pins  | Terms |                               Standards                                |                IDelayCtrls               |  VREF  |  VCCO  |   VR   | DCI |
+----+-------+-------+------------------------------------------------------------------------+------------------------------------------+--------+--------+--------+-----+
|  0 |     0 |     0 |                                                                        |                                          |        |        |        |     |
| 26 |    24 |     0 |                                                                        |                                          |        |        |        |     |
| 65 |    52 |     0 |                                                                        |                                          |        |        |        |     |
| 66 |     6 |     0 |                                                                        |                                          |        |        |        |     |
+----+-------+-------+------------------------------------------------------------------------+------------------------------------------+--------+--------+--------+-----+
|    |    82 |     0 |                                                                        |                                          |        |        |        |     |
+----+-------+-------+------------------------------------------------------------------------+------------------------------------------+--------+--------+--------+-----+

IO Placement:
+--------+----------------------+-----------------+----------------------+----------------------+----------------------+
| BankId |             Terminal | Standard        | Site                 | Pin                  | Attributes           |
+--------+----------------------+-----------------+----------------------+----------------------+----------------------+

Phase 1.2 IO Placement/ Clock Placement/ Build Placer Device | Checksum: 1915b39b

Time (s): cpu = 00:00:01 ; elapsed = 00:00:00.184 . Memory (MB): peak = 1423.336 ; gain = 0.000
Phase 1 Placer Initialization | Checksum: 1915b39b

Time (s): cpu = 00:00:01 ; elapsed = 00:00:00.184 . Memory (MB): peak = 1423.336 ; gain = 0.000
ERROR: [Place 30-99] Placer failed with error: 'IO Clock Placer failed'
Please review all ERROR, CRITICAL WARNING, and WARNING messages during placement to understand the cause for failure.
Ending Placer Task | Checksum: 1915b39b

Time (s): cpu = 00:00:01 ; elapsed = 00:00:00.186 . Memory (MB): peak = 1423.336 ; gain = 0.000
INFO: [Common 17-83] Releasing license: Implementation
38 Infos, 1 Warnings, 0 Critical Warnings and 4 Errors encountered.
place_design failed
ERROR: [Common 17-69] Command failed: Placer could not place all instances
INFO: [Common 17-206] Exiting Vivado at Mon Apr  8 18:49:38 2019...
