
*** Running vivado
    with args -log ifetch.vds -m64 -product Vivado -mode batch -messageDb vivado.pb -notrace -source ifetch.tcl


****** Vivado v2018.3 (64-bit)
  **** SW Build 2405991 on Thu Dec  6 23:38:27 MST 2018
  **** IP Build 2404404 on Fri Dec  7 01:43:56 MST 2018
    ** Copyright 1986-2018 Xilinx, Inc. All Rights Reserved.

source ifetch.tcl -notrace
Command: synth_design -top ifetch -part xc7k70tfbv676-1
Starting synth_design
Attempting to get a license for feature 'Synthesis' and/or device 'xc7k70t'
INFO: [Common 17-349] Got license for feature 'Synthesis' and/or device 'xc7k70t'
INFO: Launching helper process for spawning children vivado processes
INFO: Helper process launched with PID 20456 
---------------------------------------------------------------------------------
Starting Synthesize : Time (s): cpu = 00:00:02 ; elapsed = 00:00:02 . Memory (MB): peak = 362.555 ; gain = 101.379
---------------------------------------------------------------------------------
INFO: [Synth 8-6157] synthesizing module 'ifetch' [C:/Users/Yousef Jarrar/Documents/GitHub/CSE401/Labs/MIPS/MIPS.srcs/sources_1/new/ifetch.v:23]
INFO: [Synth 8-6157] synthesizing module 'mux' [C:/Users/Yousef Jarrar/Documents/GitHub/CSE401/Labs/MIPS/MIPS.srcs/sources_1/new/mux.v:23]
INFO: [Synth 8-6155] done synthesizing module 'mux' (1#1) [C:/Users/Yousef Jarrar/Documents/GitHub/CSE401/Labs/MIPS/MIPS.srcs/sources_1/new/mux.v:23]
INFO: [Synth 8-6157] synthesizing module 'pc_mod' [C:/Users/Yousef Jarrar/Documents/GitHub/CSE401/Labs/MIPS/MIPS.srcs/sources_1/new/pc_mod.v:23]
INFO: [Synth 8-6155] done synthesizing module 'pc_mod' (2#1) [C:/Users/Yousef Jarrar/Documents/GitHub/CSE401/Labs/MIPS/MIPS.srcs/sources_1/new/pc_mod.v:23]
INFO: [Synth 8-6157] synthesizing module 'imem' [C:/Users/Yousef Jarrar/Documents/GitHub/CSE401/Labs/MIPS/MIPS.srcs/sources_1/new/imem.v:23]
INFO: [Synth 8-6155] done synthesizing module 'imem' (3#1) [C:/Users/Yousef Jarrar/Documents/GitHub/CSE401/Labs/MIPS/MIPS.srcs/sources_1/new/imem.v:23]
INFO: [Synth 8-6157] synthesizing module 'if_id' [C:/Users/Yousef Jarrar/Documents/GitHub/CSE401/Labs/MIPS/MIPS.srcs/sources_1/new/if_id.v:23]
INFO: [Synth 8-6155] done synthesizing module 'if_id' (4#1) [C:/Users/Yousef Jarrar/Documents/GitHub/CSE401/Labs/MIPS/MIPS.srcs/sources_1/new/if_id.v:23]
INFO: [Synth 8-6157] synthesizing module 'incr' [C:/Users/Yousef Jarrar/Documents/GitHub/CSE401/Labs/MIPS/MIPS.srcs/sources_1/new/incr.v:23]
INFO: [Synth 8-6155] done synthesizing module 'incr' (5#1) [C:/Users/Yousef Jarrar/Documents/GitHub/CSE401/Labs/MIPS/MIPS.srcs/sources_1/new/incr.v:23]
INFO: [Synth 8-6155] done synthesizing module 'ifetch' (6#1) [C:/Users/Yousef Jarrar/Documents/GitHub/CSE401/Labs/MIPS/MIPS.srcs/sources_1/new/ifetch.v:23]
---------------------------------------------------------------------------------
Finished Synthesize : Time (s): cpu = 00:00:02 ; elapsed = 00:00:03 . Memory (MB): peak = 418.402 ; gain = 157.227
---------------------------------------------------------------------------------
---------------------------------------------------------------------------------
Finished Constraint Validation : Time (s): cpu = 00:00:02 ; elapsed = 00:00:03 . Memory (MB): peak = 418.402 ; gain = 157.227
---------------------------------------------------------------------------------
---------------------------------------------------------------------------------
Start Loading Part and Timing Information
---------------------------------------------------------------------------------
Loading part: xc7k70tfbv676-1
---------------------------------------------------------------------------------
Finished Loading Part and Timing Information : Time (s): cpu = 00:00:02 ; elapsed = 00:00:03 . Memory (MB): peak = 418.402 ; gain = 157.227
---------------------------------------------------------------------------------
INFO: [Device 21-403] Loading part xc7k70tfbv676-1
INFO: [Synth 8-5544] ROM "MEM" won't be mapped to Block RAM because address size (4) smaller than threshold (5)
---------------------------------------------------------------------------------
Finished RTL Optimization Phase 2 : Time (s): cpu = 00:00:03 ; elapsed = 00:00:03 . Memory (MB): peak = 418.402 ; gain = 157.227
---------------------------------------------------------------------------------

Report RTL Partitions: 
+-+--------------+------------+----------+
| |RTL Partition |Replication |Instances |
+-+--------------+------------+----------+
+-+--------------+------------+----------+
No constraint files found.
---------------------------------------------------------------------------------
Start RTL Component Statistics 
---------------------------------------------------------------------------------
Detailed RTL Component Info : 
+---Adders : 
	   2 Input     32 Bit       Adders := 1     
+---Muxes : 
	   2 Input     32 Bit        Muxes := 1     
	  11 Input     32 Bit        Muxes := 1     
---------------------------------------------------------------------------------
Finished RTL Component Statistics 
---------------------------------------------------------------------------------
---------------------------------------------------------------------------------
Start RTL Hierarchical Component Statistics 
---------------------------------------------------------------------------------
Hierarchical RTL Component report 
Module mux 
Detailed RTL Component Info : 
+---Muxes : 
	   2 Input     32 Bit        Muxes := 1     
Module imem 
Detailed RTL Component Info : 
+---Muxes : 
	  11 Input     32 Bit        Muxes := 1     
Module incr 
Detailed RTL Component Info : 
+---Adders : 
	   2 Input     32 Bit       Adders := 1     
---------------------------------------------------------------------------------
Finished RTL Hierarchical Component Statistics
---------------------------------------------------------------------------------
---------------------------------------------------------------------------------
Start Part Resource Summary
---------------------------------------------------------------------------------
Part Resources:
DSPs: 240 (col length:80)
BRAMs: 270 (col length: RAMB18 80 RAMB36 40)
---------------------------------------------------------------------------------
Finished Part Resource Summary
---------------------------------------------------------------------------------
No constraint files found.
---------------------------------------------------------------------------------
Start Cross Boundary and Area Optimization
---------------------------------------------------------------------------------
Warning: Parallel synthesis criteria is not met 
---------------------------------------------------------------------------------
Finished Cross Boundary and Area Optimization : Time (s): cpu = 00:00:05 ; elapsed = 00:00:05 . Memory (MB): peak = 547.504 ; gain = 286.328
---------------------------------------------------------------------------------

Report RTL Partitions: 
+-+--------------+------------+----------+
| |RTL Partition |Replication |Instances |
+-+--------------+------------+----------+
+-+--------------+------------+----------+
No constraint files found.
---------------------------------------------------------------------------------
Start Timing Optimization
---------------------------------------------------------------------------------
---------------------------------------------------------------------------------
Finished Timing Optimization : Time (s): cpu = 00:00:05 ; elapsed = 00:00:06 . Memory (MB): peak = 547.504 ; gain = 286.328
---------------------------------------------------------------------------------

Report RTL Partitions: 
+-+--------------+------------+----------+
| |RTL Partition |Replication |Instances |
+-+--------------+------------+----------+
+-+--------------+------------+----------+
---------------------------------------------------------------------------------
Start Technology Mapping
---------------------------------------------------------------------------------
---------------------------------------------------------------------------------
Finished Technology Mapping : Time (s): cpu = 00:00:05 ; elapsed = 00:00:06 . Memory (MB): peak = 547.504 ; gain = 286.328
---------------------------------------------------------------------------------

Report RTL Partitions: 
+-+--------------+------------+----------+
| |RTL Partition |Replication |Instances |
+-+--------------+------------+----------+
+-+--------------+------------+----------+
---------------------------------------------------------------------------------
Start IO Insertion
---------------------------------------------------------------------------------
---------------------------------------------------------------------------------
Start Flattening Before IO Insertion
---------------------------------------------------------------------------------
---------------------------------------------------------------------------------
Finished Flattening Before IO Insertion
---------------------------------------------------------------------------------
---------------------------------------------------------------------------------
Start Final Netlist Cleanup
---------------------------------------------------------------------------------
---------------------------------------------------------------------------------
Finished Final Netlist Cleanup
---------------------------------------------------------------------------------
---------------------------------------------------------------------------------
Finished IO Insertion : Time (s): cpu = 00:00:06 ; elapsed = 00:00:06 . Memory (MB): peak = 547.504 ; gain = 286.328
---------------------------------------------------------------------------------

Report Check Netlist: 
+------+------------------+-------+---------+-------+------------------+
|      |Item              |Errors |Warnings |Status |Description       |
+------+------------------+-------+---------+-------+------------------+
|1     |multi_driven_nets |      0|        0|Passed |Multi driven nets |
+------+------------------+-------+---------+-------+------------------+
---------------------------------------------------------------------------------
Start Renaming Generated Instances
---------------------------------------------------------------------------------
---------------------------------------------------------------------------------
Finished Renaming Generated Instances : Time (s): cpu = 00:00:06 ; elapsed = 00:00:06 . Memory (MB): peak = 547.504 ; gain = 286.328
---------------------------------------------------------------------------------

Report RTL Partitions: 
+-+--------------+------------+----------+
| |RTL Partition |Replication |Instances |
+-+--------------+------------+----------+
+-+--------------+------------+----------+
---------------------------------------------------------------------------------
Start Rebuilding User Hierarchy
---------------------------------------------------------------------------------
---------------------------------------------------------------------------------
Finished Rebuilding User Hierarchy : Time (s): cpu = 00:00:06 ; elapsed = 00:00:06 . Memory (MB): peak = 547.504 ; gain = 286.328
---------------------------------------------------------------------------------
---------------------------------------------------------------------------------
Start Renaming Generated Ports
---------------------------------------------------------------------------------
---------------------------------------------------------------------------------
Finished Renaming Generated Ports : Time (s): cpu = 00:00:06 ; elapsed = 00:00:06 . Memory (MB): peak = 547.504 ; gain = 286.328
---------------------------------------------------------------------------------
---------------------------------------------------------------------------------
Start Handling Custom Attributes
---------------------------------------------------------------------------------
---------------------------------------------------------------------------------
Finished Handling Custom Attributes : Time (s): cpu = 00:00:06 ; elapsed = 00:00:06 . Memory (MB): peak = 547.504 ; gain = 286.328
---------------------------------------------------------------------------------
---------------------------------------------------------------------------------
Start Renaming Generated Nets
---------------------------------------------------------------------------------
---------------------------------------------------------------------------------
Finished Renaming Generated Nets : Time (s): cpu = 00:00:06 ; elapsed = 00:00:06 . Memory (MB): peak = 547.504 ; gain = 286.328
---------------------------------------------------------------------------------
---------------------------------------------------------------------------------
Start Writing Synthesis Report
---------------------------------------------------------------------------------

Report BlackBoxes: 
+-+--------------+----------+
| |BlackBox name |Instances |
+-+--------------+----------+
+-+--------------+----------+

Report Cell Usage: 
+------+-------+------+
|      |Cell   |Count |
+------+-------+------+
|1     |CARRY4 |     8|
|2     |LUT2   |     1|
|3     |LUT3   |    35|
|4     |LUT5   |     1|
|5     |LUT6   |     2|
|6     |IBUF   |    33|
|7     |OBUF   |    64|
+------+-------+------+

Report Instance Areas: 
+------+---------------+-------+------+
|      |Instance       |Module |Cells |
+------+---------------+-------+------+
|1     |top            |       |   144|
|2     |  incrementer1 |incr   |    11|
|3     |  mux_1        |mux    |    35|
+------+---------------+-------+------+
---------------------------------------------------------------------------------
Finished Writing Synthesis Report : Time (s): cpu = 00:00:06 ; elapsed = 00:00:06 . Memory (MB): peak = 547.504 ; gain = 286.328
---------------------------------------------------------------------------------
Synthesis finished with 0 errors, 0 critical warnings and 0 warnings.
Synthesis Optimization Runtime : Time (s): cpu = 00:00:06 ; elapsed = 00:00:06 . Memory (MB): peak = 547.504 ; gain = 286.328
Synthesis Optimization Complete : Time (s): cpu = 00:00:06 ; elapsed = 00:00:06 . Memory (MB): peak = 547.504 ; gain = 286.328
INFO: [Project 1-571] Translating synthesized netlist
INFO: [Netlist 29-17] Analyzing 8 Unisim elements for replacement
INFO: [Netlist 29-28] Unisim Transformation completed in 0 CPU seconds
INFO: [Project 1-570] Preparing netlist for logic optimization
INFO: [Opt 31-138] Pushed 0 inverter(s) to 0 load pin(s).
Netlist sorting complete. Time (s): cpu = 00:00:00 ; elapsed = 00:00:00 . Memory (MB): peak = 654.656 ; gain = 0.000
INFO: [Project 1-111] Unisim Transformation Summary:
No Unisim elements were transformed.

INFO: [Common 17-83] Releasing license: Synthesis
22 Infos, 0 Warnings, 0 Critical Warnings and 0 Errors encountered.
synth_design completed successfully
synth_design: Time (s): cpu = 00:00:10 ; elapsed = 00:00:11 . Memory (MB): peak = 654.656 ; gain = 406.621
Netlist sorting complete. Time (s): cpu = 00:00:00 ; elapsed = 00:00:00 . Memory (MB): peak = 654.656 ; gain = 0.000
WARNING: [Constraints 18-5210] No constraints selected for write.
Resolution: This message can indicate that there are no constraints for the design, or it can indicate that the used_in flags are set such that the constraints are ignored. This later case is used when running synth_design to not write synthesis constraints to the resulting checkpoint. Instead, project constraints are read when the synthesized design is opened.
INFO: [Common 17-1381] The checkpoint 'C:/Users/Yousef Jarrar/Documents/GitHub/CSE401/Labs/MIPS/MIPS.runs/synth_1/ifetch.dcp' has been generated.
INFO: [runtcl-4] Executing : report_utilization -file ifetch_utilization_synth.rpt -pb ifetch_utilization_synth.pb
INFO: [Common 17-206] Exiting Vivado at Mon Apr  8 20:54:41 2019...
