#-----------------------------------------------------------
# Vivado v2018.3 (64-bit)
# SW Build 2405991 on Thu Dec  6 23:38:27 MST 2018
# IP Build 2404404 on Fri Dec  7 01:43:56 MST 2018
# Start of session at: Mon Apr  8 20:12:47 2019
# Process ID: 10500
# Current directory: C:/Users/Yousef Jarrar/Documents/GitHub/CSE401/Labs/MIPS
# Command line: vivado.exe -gui_launcher_event rodinguilauncherevent8020 C:\Users\Yousef Jarrar\Documents\GitHub\CSE401\Labs\MIPS\MIPS.xpr
# Log file: C:/Users/Yousef Jarrar/Documents/GitHub/CSE401/Labs/MIPS/vivado.log
# Journal file: C:/Users/Yousef Jarrar/Documents/GitHub/CSE401/Labs/MIPS\vivado.jou
#-----------------------------------------------------------
start_gui
open_project {C:/Users/Yousef Jarrar/Documents/GitHub/CSE401/Labs/MIPS/MIPS.xpr}
INFO: [Project 1-313] Project file moved from 'C:/Users/Yousef Jarrar/Documents/GitHub/CSE401/Labs/CSE401_Lab_Project-master/MIPS' since last save.
Scanning sources...
Finished scanning sources
INFO: [IP_Flow 19-234] Refreshing IP repositories
INFO: [IP_Flow 19-1704] No user IP repositories specified
INFO: [IP_Flow 19-2313] Loaded Vivado IP repository 'C:/Xilinx/Vivado/2018.3/data/ip'.
update_compile_order -fileset sources_1
reset_run synth_1
launch_runs synth_1 -jobs 8
[Mon Apr  8 20:15:28 2019] Launched synth_1...
Run output will be captured here: C:/Users/Yousef Jarrar/Documents/GitHub/CSE401/Labs/MIPS/MIPS.runs/synth_1/runme.log
launch_runs impl_1 -jobs 8
[Mon Apr  8 20:17:31 2019] Launched impl_1...
Run output will be captured here: C:/Users/Yousef Jarrar/Documents/GitHub/CSE401/Labs/MIPS/MIPS.runs/impl_1/runme.log
open_run impl_1
INFO: [Netlist 29-17] Analyzing 8 Unisim elements for replacement
INFO: [Netlist 29-28] Unisim Transformation completed in 0 CPU seconds
INFO: [Project 1-479] Netlist was created with Vivado 2018.3
INFO: [Device 21-403] Loading part xc7k70tfbv676-1
INFO: [Project 1-570] Preparing netlist for logic optimization
Reading XDEF placement.
Reading placer database...
Reading XDEF routing.
Read XDEF File: Time (s): cpu = 00:00:00 ; elapsed = 00:00:00.034 . Memory (MB): peak = 992.445 ; gain = 0.000
Restored from archive | CPU: 0.000000 secs | Memory: 0.000000 MB |
Finished XDEF File Restore: Time (s): cpu = 00:00:00 ; elapsed = 00:00:00.035 . Memory (MB): peak = 992.445 ; gain = 0.000
Netlist sorting complete. Time (s): cpu = 00:00:00 ; elapsed = 00:00:00 . Memory (MB): peak = 992.656 ; gain = 0.000
INFO: [Project 1-111] Unisim Transformation Summary:
No Unisim elements were transformed.

open_run: Time (s): cpu = 00:00:14 ; elapsed = 00:00:08 . Memory (MB): peak = 1188.566 ; gain = 438.160
WARNING: [Timing 38-313] There are no user specified timing constraints. Timing constraints are needed for proper timing analysis.
close [ open {C:/Users/Yousef Jarrar/Documents/GitHub/CSE401/Labs/MIPS/MIPS.srcs/sources_1/new/test_mux.v} w ]
add_files {{C:/Users/Yousef Jarrar/Documents/GitHub/CSE401/Labs/MIPS/MIPS.srcs/sources_1/new/test_mux.v}}
update_compile_order -fileset sources_1
reset_run synth_1
launch_runs synth_1 -jobs 8
[Mon Apr  8 20:54:27 2019] Launched synth_1...
Run output will be captured here: C:/Users/Yousef Jarrar/Documents/GitHub/CSE401/Labs/MIPS/MIPS.runs/synth_1/runme.log
launch_runs impl_1 -jobs 8
[Mon Apr  8 20:54:45 2019] Launched impl_1...
Run output will be captured here: C:/Users/Yousef Jarrar/Documents/GitHub/CSE401/Labs/MIPS/MIPS.runs/impl_1/runme.log
refresh_design
INFO: [Netlist 29-17] Analyzing 8 Unisim elements for replacement
INFO: [Netlist 29-28] Unisim Transformation completed in 0 CPU seconds
INFO: [Project 1-479] Netlist was created with Vivado 2018.3
INFO: [Project 1-570] Preparing netlist for logic optimization
Reading XDEF placement.
Reading placer database...
Reading XDEF routing.
Read XDEF File: Time (s): cpu = 00:00:00 ; elapsed = 00:00:00.035 . Memory (MB): peak = 1634.871 ; gain = 0.000
Restored from archive | CPU: 0.000000 secs | Memory: 0.000000 MB |
Finished XDEF File Restore: Time (s): cpu = 00:00:00 ; elapsed = 00:00:00.035 . Memory (MB): peak = 1634.871 ; gain = 0.000
WARNING: [Timing 38-313] There are no user specified timing constraints. Timing constraints are needed for proper timing analysis.
exit
INFO: [Common 17-206] Exiting Vivado at Mon Apr  8 21:16:16 2019...
