#-----------------------------------------------------------
# Vivado v2018.2 (64-bit)
# SW Build 2258646 on Thu Jun 14 20:03:12 MDT 2018
# IP Build 2256618 on Thu Jun 14 22:10:49 MDT 2018
# Start of session at: Tue Oct 30 21:26:08 2018
# Process ID: 12432
# Current directory: C:/Users/bryan/Documents/GitHub/CSE401_Lab_Project
# Command line: vivado.exe -gui_launcher_event rodinguilauncherevent2712 C:\Users\bryan\Documents\GitHub\CSE401_Lab_Project\CSE401_Lab_Project.xpr
# Log file: C:/Users/bryan/Documents/GitHub/CSE401_Lab_Project/vivado.log
# Journal file: C:/Users/bryan/Documents/GitHub/CSE401_Lab_Project\vivado.jou
#-----------------------------------------------------------
start_gui
open_project C:/Users/bryan/Documents/GitHub/CSE401_Lab_Project/CSE401_Lab_Project.xpr
INFO: [Project 1-313] Project file moved from 'C:/Users/004140018/Documents/GitHub/CSE401_Lab_Project' since last save.
Scanning sources...
Finished scanning sources
INFO: [IP_Flow 19-234] Refreshing IP repositories
INFO: [IP_Flow 19-1704] No user IP repositories specified
INFO: [IP_Flow 19-2313] Loaded Vivado IP repository 'C:/Xilinx/Vivado/2018.2/data/ip'.
open_project: Time (s): cpu = 00:00:08 ; elapsed = 00:00:05 . Memory (MB): peak = 806.008 ; gain = 71.957
update_compile_order -fileset sources_1
